<?xml version="1.0" encoding="UTF-8"?>
<coverage generated="1502896109">
  <project timestamp="1502896109">
    <package name="DElfimov\Supernano">
      <file name="/mnt/d/www/Supernano/src/Core.php">
        <class name="Core" namespace="DElfimov\Supernano">
          <metrics methods="3" coveredmethods="1" conditionals="0" coveredconditionals="0" statements="26" coveredstatements="4" elements="29" coveredelements="5"/>
        </class>
        <line num="17" type="method" name="__construct" crap="6" count="0"/>
        <line num="19" type="stmt" count="0"/>
        <line num="20" type="stmt" count="0"/>
        <line num="21" type="stmt" count="0"/>
        <line num="22" type="stmt" count="0"/>
        <line num="23" type="stmt" count="0"/>
        <line num="24" type="stmt" count="0"/>
        <line num="26" type="stmt" count="0"/>
        <line num="28" type="method" name="render" crap="1" count="7"/>
        <line num="30" type="stmt" count="7"/>
        <line num="31" type="stmt" count="7"/>
        <line num="32" type="stmt" count="7"/>
        <line num="33" type="stmt" count="7"/>
        <line num="36" type="method" name="request" crap="30" count="0"/>
        <line num="38" type="stmt" count="0"/>
        <line num="39" type="stmt" count="0"/>
        <line num="40" type="stmt" count="0"/>
        <line num="41" type="stmt" count="0"/>
        <line num="43" type="stmt" count="0"/>
        <line num="44" type="stmt" count="0"/>
        <line num="45" type="stmt" count="0"/>
        <line num="46" type="stmt" count="0"/>
        <line num="48" type="stmt" count="0"/>
        <line num="49" type="stmt" count="0"/>
        <line num="50" type="stmt" count="0"/>
        <line num="51" type="stmt" count="0"/>
        <line num="52" type="stmt" count="0"/>
        <line num="54" type="stmt" count="0"/>
        <line num="57" type="stmt" count="0"/>
        <metrics loc="58" ncloc="56" classes="1" methods="3" coveredmethods="1" conditionals="0" coveredconditionals="0" statements="26" coveredstatements="4" elements="29" coveredelements="5"/>
      </file>
    </package>
    <metrics files="1" loc="58" ncloc="56" classes="1" methods="3" coveredmethods="1" conditionals="0" coveredconditionals="0" statements="26" coveredstatements="4" elements="29" coveredelements="5"/>
  </project>
</coverage>
